[03-Mar-2025 10:40:45 UTC] PHP Warning:  "continue" targeting switch is equivalent to "break". Did you mean to use "continue 2"? in /Users/augerlaureline/Local Sites/hypnose-sophrologie-nantes-test/app/public/wp-content/themes/jupiter/framework/includes/minify/src/Minifier.php on line 227
[03-Mar-2025 10:40:45 UTC] PHP Warning:  "continue" targeting switch is equivalent to "break". Did you mean to use "continue 2"? in /Users/augerlaureline/Local Sites/hypnose-sophrologie-nantes-test/app/public/wp-content/themes/jupiter/framework/includes/minify/src/Minifier.php on line 227
[03-Mar-2025 10:42:32 UTC] PHP Warning:  "continue" targeting switch is equivalent to "break". Did you mean to use "continue 2"? in /Users/augerlaureline/Local Sites/hypnose-sophrologie-nantes-test/app/public/wp-content/themes/jupiter/framework/includes/minify/src/Minifier.php on line 227
[03-Mar-2025 12:03:07 UTC] PHP Warning:  preg_match_all(): Compilation failed: invalid range in character class at offset 11 in /Users/augerlaureline/Local Sites/hypnose-sophrologie-nantes-test/app/public/wp-content/plugins/js_composer_theme/include/autoload/hook-vc-grid.php on line 162
[03-Mar-2025 12:05:35 UTC] PHP Warning:  array_search() expects parameter 2 to be array, null given in /Users/augerlaureline/Local Sites/hypnose-sophrologie-nantes-test/app/public/wp-includes/widgets.php on line 1524
[03-Mar-2025 12:05:35 UTC] PHP Warning:  array_merge(): Expected parameter 3 to be an array, null given in /Users/augerlaureline/Local Sites/hypnose-sophrologie-nantes-test/app/public/wp-includes/widgets.php on line 1354
[03-Mar-2025 12:05:35 UTC] PHP Warning:  array_diff(): Expected parameter 2 to be an array, null given in /Users/augerlaureline/Local Sites/hypnose-sophrologie-nantes-test/app/public/wp-includes/widgets.php on line 1355
[03-Mar-2025 12:05:35 UTC] PHP Warning:  Invalid argument supplied for foreach() in /Users/augerlaureline/Local Sites/hypnose-sophrologie-nantes-test/app/public/wp-includes/widgets.php on line 1357
[03-Mar-2025 12:05:35 UTC] PHP Warning:  array_merge(): Expected parameter 1 to be an array, null given in /Users/augerlaureline/Local Sites/hypnose-sophrologie-nantes-test/app/public/wp-includes/widgets.php on line 1365
[03-Mar-2025 12:06:22 UTC] PHP Warning:  array_merge(): Expected parameter 3 to be an array, null given in /Users/augerlaureline/Local Sites/hypnose-sophrologie-nantes-test/app/public/wp-includes/widgets.php on line 1354
[03-Mar-2025 12:06:22 UTC] PHP Warning:  array_diff(): Expected parameter 2 to be an array, null given in /Users/augerlaureline/Local Sites/hypnose-sophrologie-nantes-test/app/public/wp-includes/widgets.php on line 1355
[03-Mar-2025 12:06:22 UTC] PHP Warning:  Invalid argument supplied for foreach() in /Users/augerlaureline/Local Sites/hypnose-sophrologie-nantes-test/app/public/wp-includes/widgets.php on line 1357
[03-Mar-2025 12:06:22 UTC] PHP Warning:  array_merge(): Expected parameter 1 to be an array, null given in /Users/augerlaureline/Local Sites/hypnose-sophrologie-nantes-test/app/public/wp-includes/widgets.php on line 1365
[03-Mar-2025 12:09:12 UTC] PHP Warning:  count(): Parameter must be an array or an object that implements Countable in /Users/augerlaureline/Local Sites/hypnose-sophrologie-nantes-test/app/public/wp-content/plugins/js_composer_theme/include/classes/shortcodes/vc-row.php on line 121
[03-Mar-2025 12:09:12 UTC] PHP Warning:  count(): Parameter must be an array or an object that implements Countable in /Users/augerlaureline/Local Sites/hypnose-sophrologie-nantes-test/app/public/wp-content/plugins/js_composer_theme/include/classes/shortcodes/vc-row.php on line 121
[03-Mar-2025 12:09:12 UTC] PHP Warning:  count(): Parameter must be an array or an object that implements Countable in /Users/augerlaureline/Local Sites/hypnose-sophrologie-nantes-test/app/public/wp-content/plugins/js_composer_theme/include/classes/shortcodes/vc-row.php on line 121
[03-Mar-2025 12:09:12 UTC] PHP Warning:  count(): Parameter must be an array or an object that implements Countable in /Users/augerlaureline/Local Sites/hypnose-sophrologie-nantes-test/app/public/wp-content/plugins/js_composer_theme/include/classes/shortcodes/vc-row.php on line 121
[03-Mar-2025 12:09:12 UTC] PHP Warning:  count(): Parameter must be an array or an object that implements Countable in /Users/augerlaureline/Local Sites/hypnose-sophrologie-nantes-test/app/public/wp-content/plugins/js_composer_theme/include/classes/shortcodes/shortcodes.php on line 1186
[03-Mar-2025 12:09:12 UTC] PHP Warning:  count(): Parameter must be an array or an object that implements Countable in /Users/augerlaureline/Local Sites/hypnose-sophrologie-nantes-test/app/public/wp-content/plugins/js_composer_theme/include/classes/shortcodes/shortcodes.php on line 1186
[03-Mar-2025 12:09:12 UTC] PHP Warning:  count(): Parameter must be an array or an object that implements Countable in /Users/augerlaureline/Local Sites/hypnose-sophrologie-nantes-test/app/public/wp-content/plugins/js_composer_theme/include/classes/shortcodes/shortcodes.php on line 1186
[03-Mar-2025 12:09:12 UTC] PHP Warning:  count(): Parameter must be an array or an object that implements Countable in /Users/augerlaureline/Local Sites/hypnose-sophrologie-nantes-test/app/public/wp-content/plugins/js_composer_theme/include/classes/shortcodes/shortcodes.php on line 1186
[03-Mar-2025 12:09:12 UTC] PHP Warning:  count(): Parameter must be an array or an object that implements Countable in /Users/augerlaureline/Local Sites/hypnose-sophrologie-nantes-test/app/public/wp-content/plugins/js_composer_theme/include/classes/shortcodes/shortcodes.php on line 1186
[03-Mar-2025 12:09:12 UTC] PHP Warning:  count(): Parameter must be an array or an object that implements Countable in /Users/augerlaureline/Local Sites/hypnose-sophrologie-nantes-test/app/public/wp-content/plugins/js_composer_theme/include/classes/shortcodes/shortcodes.php on line 1186
[03-Mar-2025 12:09:12 UTC] PHP Warning:  count(): Parameter must be an array or an object that implements Countable in /Users/augerlaureline/Local Sites/hypnose-sophrologie-nantes-test/app/public/wp-content/plugins/js_composer_theme/include/classes/shortcodes/shortcodes.php on line 1186
[03-Mar-2025 12:09:12 UTC] PHP Warning:  count(): Parameter must be an array or an object that implements Countable in /Users/augerlaureline/Local Sites/hypnose-sophrologie-nantes-test/app/public/wp-content/plugins/js_composer_theme/include/classes/shortcodes/shortcodes.php on line 1186
[03-Mar-2025 12:09:12 UTC] PHP Warning:  count(): Parameter must be an array or an object that implements Countable in /Users/augerlaureline/Local Sites/hypnose-sophrologie-nantes-test/app/public/wp-content/plugins/js_composer_theme/include/classes/shortcodes/shortcodes.php on line 1186
[03-Mar-2025 12:09:12 UTC] PHP Warning:  count(): Parameter must be an array or an object that implements Countable in /Users/augerlaureline/Local Sites/hypnose-sophrologie-nantes-test/app/public/wp-content/plugins/js_composer_theme/include/classes/shortcodes/shortcodes.php on line 1186
[03-Mar-2025 12:09:12 UTC] PHP Warning:  count(): Parameter must be an array or an object that implements Countable in /Users/augerlaureline/Local Sites/hypnose-sophrologie-nantes-test/app/public/wp-content/plugins/js_composer_theme/include/classes/shortcodes/shortcodes.php on line 1186
[03-Mar-2025 12:09:12 UTC] PHP Warning:  count(): Parameter must be an array or an object that implements Countable in /Users/augerlaureline/Local Sites/hypnose-sophrologie-nantes-test/app/public/wp-content/plugins/js_composer_theme/include/classes/shortcodes/shortcodes.php on line 1186
[03-Mar-2025 12:09:12 UTC] PHP Warning:  count(): Parameter must be an array or an object that implements Countable in /Users/augerlaureline/Local Sites/hypnose-sophrologie-nantes-test/app/public/wp-content/plugins/js_composer_theme/include/classes/shortcodes/shortcodes.php on line 1186
[03-Mar-2025 12:09:12 UTC] PHP Warning:  count(): Parameter must be an array or an object that implements Countable in /Users/augerlaureline/Local Sites/hypnose-sophrologie-nantes-test/app/public/wp-content/plugins/js_composer_theme/include/classes/shortcodes/shortcodes.php on line 1186
[03-Mar-2025 12:09:12 UTC] PHP Warning:  count(): Parameter must be an array or an object that implements Countable in /Users/augerlaureline/Local Sites/hypnose-sophrologie-nantes-test/app/public/wp-content/plugins/js_composer_theme/include/classes/shortcodes/shortcodes.php on line 1186
[03-Mar-2025 12:09:12 UTC] PHP Warning:  count(): Parameter must be an array or an object that implements Countable in /Users/augerlaureline/Local Sites/hypnose-sophrologie-nantes-test/app/public/wp-content/plugins/js_composer_theme/include/classes/shortcodes/shortcodes.php on line 1186
[03-Mar-2025 12:09:12 UTC] PHP Warning:  count(): Parameter must be an array or an object that implements Countable in /Users/augerlaureline/Local Sites/hypnose-sophrologie-nantes-test/app/public/wp-content/themes/jupiter/framework/functions/vc-integration.php on line 1692
[03-Mar-2025 12:09:12 UTC] PHP Warning:  count(): Parameter must be an array or an object that implements Countable in /Users/augerlaureline/Local Sites/hypnose-sophrologie-nantes-test/app/public/wp-content/themes/jupiter/framework/functions/vc-integration.php on line 1692
[03-Mar-2025 12:09:12 UTC] PHP Warning:  count(): Parameter must be an array or an object that implements Countable in /Users/augerlaureline/Local Sites/hypnose-sophrologie-nantes-test/app/public/wp-content/plugins/js_composer_theme/include/classes/shortcodes/shortcodes.php on line 1186
[03-Mar-2025 12:09:12 UTC] PHP Warning:  count(): Parameter must be an array or an object that implements Countable in /Users/augerlaureline/Local Sites/hypnose-sophrologie-nantes-test/app/public/wp-content/plugins/js_composer_theme/include/classes/shortcodes/shortcodes.php on line 1186
[03-Mar-2025 12:09:12 UTC] PHP Warning:  count(): Parameter must be an array or an object that implements Countable in /Users/augerlaureline/Local Sites/hypnose-sophrologie-nantes-test/app/public/wp-content/plugins/js_composer_theme/include/classes/shortcodes/vc-row.php on line 121
[03-Mar-2025 12:09:12 UTC] PHP Warning:  count(): Parameter must be an array or an object that implements Countable in /Users/augerlaureline/Local Sites/hypnose-sophrologie-nantes-test/app/public/wp-content/plugins/js_composer_theme/include/classes/shortcodes/vc-row.php on line 121
[03-Mar-2025 12:10:21 UTC] PHP Warning:  count(): Parameter must be an array or an object that implements Countable in /Users/augerlaureline/Local Sites/hypnose-sophrologie-nantes-test/app/public/wp-content/plugins/js_composer_theme/include/classes/shortcodes/vc-row.php on line 121
[03-Mar-2025 12:10:21 UTC] PHP Warning:  count(): Parameter must be an array or an object that implements Countable in /Users/augerlaureline/Local Sites/hypnose-sophrologie-nantes-test/app/public/wp-content/plugins/js_composer_theme/include/classes/shortcodes/vc-row.php on line 121
[03-Mar-2025 12:10:21 UTC] PHP Warning:  count(): Parameter must be an array or an object that implements Countable in /Users/augerlaureline/Local Sites/hypnose-sophrologie-nantes-test/app/public/wp-content/plugins/js_composer_theme/include/classes/shortcodes/vc-row.php on line 121
[03-Mar-2025 12:10:21 UTC] PHP Warning:  count(): Parameter must be an array or an object that implements Countable in /Users/augerlaureline/Local Sites/hypnose-sophrologie-nantes-test/app/public/wp-content/plugins/js_composer_theme/include/classes/shortcodes/vc-row.php on line 121
[03-Mar-2025 12:10:21 UTC] PHP Warning:  count(): Parameter must be an array or an object that implements Countable in /Users/augerlaureline/Local Sites/hypnose-sophrologie-nantes-test/app/public/wp-content/plugins/js_composer_theme/include/classes/shortcodes/shortcodes.php on line 1186
[03-Mar-2025 12:10:21 UTC] PHP Warning:  count(): Parameter must be an array or an object that implements Countable in /Users/augerlaureline/Local Sites/hypnose-sophrologie-nantes-test/app/public/wp-content/plugins/js_composer_theme/include/classes/shortcodes/shortcodes.php on line 1186
[03-Mar-2025 12:10:21 UTC] PHP Warning:  count(): Parameter must be an array or an object that implements Countable in /Users/augerlaureline/Local Sites/hypnose-sophrologie-nantes-test/app/public/wp-content/plugins/js_composer_theme/include/classes/shortcodes/shortcodes.php on line 1186
[03-Mar-2025 12:10:21 UTC] PHP Warning:  count(): Parameter must be an array or an object that implements Countable in /Users/augerlaureline/Local Sites/hypnose-sophrologie-nantes-test/app/public/wp-content/plugins/js_composer_theme/include/classes/shortcodes/shortcodes.php on line 1186
[03-Mar-2025 12:10:21 UTC] PHP Warning:  count(): Parameter must be an array or an object that implements Countable in /Users/augerlaureline/Local Sites/hypnose-sophrologie-nantes-test/app/public/wp-content/plugins/js_composer_theme/include/classes/shortcodes/shortcodes.php on line 1186
[03-Mar-2025 12:10:21 UTC] PHP Warning:  count(): Parameter must be an array or an object that implements Countable in /Users/augerlaureline/Local Sites/hypnose-sophrologie-nantes-test/app/public/wp-content/plugins/js_composer_theme/include/classes/shortcodes/shortcodes.php on line 1186
[03-Mar-2025 12:10:21 UTC] PHP Warning:  count(): Parameter must be an array or an object that implements Countable in /Users/augerlaureline/Local Sites/hypnose-sophrologie-nantes-test/app/public/wp-content/plugins/js_composer_theme/include/classes/shortcodes/shortcodes.php on line 1186
[03-Mar-2025 12:10:21 UTC] PHP Warning:  count(): Parameter must be an array or an object that implements Countable in /Users/augerlaureline/Local Sites/hypnose-sophrologie-nantes-test/app/public/wp-content/plugins/js_composer_theme/include/classes/shortcodes/shortcodes.php on line 1186
[03-Mar-2025 12:10:21 UTC] PHP Warning:  count(): Parameter must be an array or an object that implements Countable in /Users/augerlaureline/Local Sites/hypnose-sophrologie-nantes-test/app/public/wp-content/plugins/js_composer_theme/include/classes/shortcodes/shortcodes.php on line 1186
[03-Mar-2025 12:10:21 UTC] PHP Warning:  count(): Parameter must be an array or an object that implements Countable in /Users/augerlaureline/Local Sites/hypnose-sophrologie-nantes-test/app/public/wp-content/plugins/js_composer_theme/include/classes/shortcodes/shortcodes.php on line 1186
[03-Mar-2025 12:10:22 UTC] PHP Warning:  count(): Parameter must be an array or an object that implements Countable in /Users/augerlaureline/Local Sites/hypnose-sophrologie-nantes-test/app/public/wp-content/plugins/js_composer_theme/include/classes/shortcodes/shortcodes.php on line 1186
[03-Mar-2025 12:10:22 UTC] PHP Warning:  count(): Parameter must be an array or an object that implements Countable in /Users/augerlaureline/Local Sites/hypnose-sophrologie-nantes-test/app/public/wp-content/plugins/js_composer_theme/include/classes/shortcodes/shortcodes.php on line 1186
[03-Mar-2025 12:10:22 UTC] PHP Warning:  count(): Parameter must be an array or an object that implements Countable in /Users/augerlaureline/Local Sites/hypnose-sophrologie-nantes-test/app/public/wp-content/plugins/js_composer_theme/include/classes/shortcodes/shortcodes.php on line 1186
[03-Mar-2025 12:10:22 UTC] PHP Warning:  count(): Parameter must be an array or an object that implements Countable in /Users/augerlaureline/Local Sites/hypnose-sophrologie-nantes-test/app/public/wp-content/plugins/js_composer_theme/include/classes/shortcodes/shortcodes.php on line 1186
[03-Mar-2025 12:10:22 UTC] PHP Warning:  count(): Parameter must be an array or an object that implements Countable in /Users/augerlaureline/Local Sites/hypnose-sophrologie-nantes-test/app/public/wp-content/plugins/js_composer_theme/include/classes/shortcodes/shortcodes.php on line 1186
[03-Mar-2025 12:10:22 UTC] PHP Warning:  count(): Parameter must be an array or an object that implements Countable in /Users/augerlaureline/Local Sites/hypnose-sophrologie-nantes-test/app/public/wp-content/plugins/js_composer_theme/include/classes/shortcodes/shortcodes.php on line 1186
[03-Mar-2025 12:10:22 UTC] PHP Warning:  count(): Parameter must be an array or an object that implements Countable in /Users/augerlaureline/Local Sites/hypnose-sophrologie-nantes-test/app/public/wp-content/themes/jupiter/framework/functions/vc-integration.php on line 1692
[03-Mar-2025 12:10:22 UTC] PHP Warning:  count(): Parameter must be an array or an object that implements Countable in /Users/augerlaureline/Local Sites/hypnose-sophrologie-nantes-test/app/public/wp-content/themes/jupiter/framework/functions/vc-integration.php on line 1692
[03-Mar-2025 12:10:22 UTC] PHP Warning:  count(): Parameter must be an array or an object that implements Countable in /Users/augerlaureline/Local Sites/hypnose-sophrologie-nantes-test/app/public/wp-content/plugins/js_composer_theme/include/classes/shortcodes/shortcodes.php on line 1186
[03-Mar-2025 12:10:22 UTC] PHP Warning:  count(): Parameter must be an array or an object that implements Countable in /Users/augerlaureline/Local Sites/hypnose-sophrologie-nantes-test/app/public/wp-content/plugins/js_composer_theme/include/classes/shortcodes/shortcodes.php on line 1186
[03-Mar-2025 12:10:22 UTC] PHP Warning:  count(): Parameter must be an array or an object that implements Countable in /Users/augerlaureline/Local Sites/hypnose-sophrologie-nantes-test/app/public/wp-content/plugins/js_composer_theme/include/classes/shortcodes/vc-row.php on line 121
[03-Mar-2025 12:10:22 UTC] PHP Warning:  count(): Parameter must be an array or an object that implements Countable in /Users/augerlaureline/Local Sites/hypnose-sophrologie-nantes-test/app/public/wp-content/plugins/js_composer_theme/include/classes/shortcodes/vc-row.php on line 121
[03-Mar-2025 12:11:36 UTC] PHP Warning:  count(): Parameter must be an array or an object that implements Countable in /Users/augerlaureline/Local Sites/hypnose-sophrologie-nantes-test/app/public/wp-content/plugins/js_composer_theme/include/classes/shortcodes/vc-row.php on line 121
[03-Mar-2025 12:11:36 UTC] PHP Warning:  count(): Parameter must be an array or an object that implements Countable in /Users/augerlaureline/Local Sites/hypnose-sophrologie-nantes-test/app/public/wp-content/plugins/js_composer_theme/include/classes/shortcodes/vc-row.php on line 121
[03-Mar-2025 12:11:36 UTC] PHP Warning:  count(): Parameter must be an array or an object that implements Countable in /Users/augerlaureline/Local Sites/hypnose-sophrologie-nantes-test/app/public/wp-content/plugins/js_composer_theme/include/classes/shortcodes/vc-row.php on line 121
[03-Mar-2025 12:11:36 UTC] PHP Warning:  count(): Parameter must be an array or an object that implements Countable in /Users/augerlaureline/Local Sites/hypnose-sophrologie-nantes-test/app/public/wp-content/plugins/js_composer_theme/include/classes/shortcodes/vc-row.php on line 121
[03-Mar-2025 12:11:36 UTC] PHP Warning:  count(): Parameter must be an array or an object that implements Countable in /Users/augerlaureline/Local Sites/hypnose-sophrologie-nantes-test/app/public/wp-content/plugins/js_composer_theme/include/classes/shortcodes/shortcodes.php on line 1186
[03-Mar-2025 12:11:36 UTC] PHP Warning:  count(): Parameter must be an array or an object that implements Countable in /Users/augerlaureline/Local Sites/hypnose-sophrologie-nantes-test/app/public/wp-content/plugins/js_composer_theme/include/classes/shortcodes/shortcodes.php on line 1186
[03-Mar-2025 12:11:36 UTC] PHP Warning:  count(): Parameter must be an array or an object that implements Countable in /Users/augerlaureline/Local Sites/hypnose-sophrologie-nantes-test/app/public/wp-content/plugins/js_composer_theme/include/classes/shortcodes/shortcodes.php on line 1186
[03-Mar-2025 12:11:36 UTC] PHP Warning:  count(): Parameter must be an array or an object that implements Countable in /Users/augerlaureline/Local Sites/hypnose-sophrologie-nantes-test/app/public/wp-content/plugins/js_composer_theme/include/classes/shortcodes/shortcodes.php on line 1186
[03-Mar-2025 12:11:36 UTC] PHP Warning:  count(): Parameter must be an array or an object that implements Countable in /Users/augerlaureline/Local Sites/hypnose-sophrologie-nantes-test/app/public/wp-content/plugins/js_composer_theme/include/classes/shortcodes/shortcodes.php on line 1186
[03-Mar-2025 12:11:36 UTC] PHP Warning:  count(): Parameter must be an array or an object that implements Countable in /Users/augerlaureline/Local Sites/hypnose-sophrologie-nantes-test/app/public/wp-content/plugins/js_composer_theme/include/classes/shortcodes/shortcodes.php on line 1186
[03-Mar-2025 12:11:36 UTC] PHP Warning:  count(): Parameter must be an array or an object that implements Countable in /Users/augerlaureline/Local Sites/hypnose-sophrologie-nantes-test/app/public/wp-content/plugins/js_composer_theme/include/classes/shortcodes/shortcodes.php on line 1186
[03-Mar-2025 12:11:36 UTC] PHP Warning:  count(): Parameter must be an array or an object that implements Countable in /Users/augerlaureline/Local Sites/hypnose-sophrologie-nantes-test/app/public/wp-content/plugins/js_composer_theme/include/classes/shortcodes/shortcodes.php on line 1186
[03-Mar-2025 12:11:36 UTC] PHP Warning:  count(): Parameter must be an array or an object that implements Countable in /Users/augerlaureline/Local Sites/hypnose-sophrologie-nantes-test/app/public/wp-content/plugins/js_composer_theme/include/classes/shortcodes/shortcodes.php on line 1186
[03-Mar-2025 12:11:36 UTC] PHP Warning:  count(): Parameter must be an array or an object that implements Countable in /Users/augerlaureline/Local Sites/hypnose-sophrologie-nantes-test/app/public/wp-content/plugins/js_composer_theme/include/classes/shortcodes/shortcodes.php on line 1186
[03-Mar-2025 12:11:36 UTC] PHP Warning:  count(): Parameter must be an array or an object that implements Countable in /Users/augerlaureline/Local Sites/hypnose-sophrologie-nantes-test/app/public/wp-content/plugins/js_composer_theme/include/classes/shortcodes/shortcodes.php on line 1186
[03-Mar-2025 12:11:36 UTC] PHP Warning:  count(): Parameter must be an array or an object that implements Countable in /Users/augerlaureline/Local Sites/hypnose-sophrologie-nantes-test/app/public/wp-content/plugins/js_composer_theme/include/classes/shortcodes/shortcodes.php on line 1186
[03-Mar-2025 12:11:36 UTC] PHP Warning:  count(): Parameter must be an array or an object that implements Countable in /Users/augerlaureline/Local Sites/hypnose-sophrologie-nantes-test/app/public/wp-content/plugins/js_composer_theme/include/classes/shortcodes/shortcodes.php on line 1186
[03-Mar-2025 12:11:36 UTC] PHP Warning:  count(): Parameter must be an array or an object that implements Countable in /Users/augerlaureline/Local Sites/hypnose-sophrologie-nantes-test/app/public/wp-content/plugins/js_composer_theme/include/classes/shortcodes/shortcodes.php on line 1186
[03-Mar-2025 12:11:36 UTC] PHP Warning:  count(): Parameter must be an array or an object that implements Countable in /Users/augerlaureline/Local Sites/hypnose-sophrologie-nantes-test/app/public/wp-content/plugins/js_composer_theme/include/classes/shortcodes/shortcodes.php on line 1186
[03-Mar-2025 12:11:36 UTC] PHP Warning:  count(): Parameter must be an array or an object that implements Countable in /Users/augerlaureline/Local Sites/hypnose-sophrologie-nantes-test/app/public/wp-content/plugins/js_composer_theme/include/classes/shortcodes/shortcodes.php on line 1186
[03-Mar-2025 12:11:36 UTC] PHP Warning:  count(): Parameter must be an array or an object that implements Countable in /Users/augerlaureline/Local Sites/hypnose-sophrologie-nantes-test/app/public/wp-content/themes/jupiter/framework/functions/vc-integration.php on line 1692
[03-Mar-2025 12:11:36 UTC] PHP Warning:  count(): Parameter must be an array or an object that implements Countable in /Users/augerlaureline/Local Sites/hypnose-sophrologie-nantes-test/app/public/wp-content/themes/jupiter/framework/functions/vc-integration.php on line 1692
[03-Mar-2025 12:11:36 UTC] PHP Warning:  count(): Parameter must be an array or an object that implements Countable in /Users/augerlaureline/Local Sites/hypnose-sophrologie-nantes-test/app/public/wp-content/plugins/js_composer_theme/include/classes/shortcodes/shortcodes.php on line 1186
[03-Mar-2025 12:11:36 UTC] PHP Warning:  count(): Parameter must be an array or an object that implements Countable in /Users/augerlaureline/Local Sites/hypnose-sophrologie-nantes-test/app/public/wp-content/plugins/js_composer_theme/include/classes/shortcodes/shortcodes.php on line 1186
[03-Mar-2025 12:11:36 UTC] PHP Warning:  count(): Parameter must be an array or an object that implements Countable in /Users/augerlaureline/Local Sites/hypnose-sophrologie-nantes-test/app/public/wp-content/plugins/js_composer_theme/include/classes/shortcodes/vc-row.php on line 121
[03-Mar-2025 12:11:36 UTC] PHP Warning:  count(): Parameter must be an array or an object that implements Countable in /Users/augerlaureline/Local Sites/hypnose-sophrologie-nantes-test/app/public/wp-content/plugins/js_composer_theme/include/classes/shortcodes/vc-row.php on line 121
[03-Mar-2025 12:15:42 UTC] PHP Warning:  array_merge(): Expected parameter 3 to be an array, null given in /Users/augerlaureline/Local Sites/hypnose-sophrologie-nantes-test/app/public/wp-includes/widgets.php on line 1354
[03-Mar-2025 12:15:42 UTC] PHP Warning:  array_diff(): Expected parameter 2 to be an array, null given in /Users/augerlaureline/Local Sites/hypnose-sophrologie-nantes-test/app/public/wp-includes/widgets.php on line 1355
[03-Mar-2025 12:15:42 UTC] PHP Warning:  Invalid argument supplied for foreach() in /Users/augerlaureline/Local Sites/hypnose-sophrologie-nantes-test/app/public/wp-includes/widgets.php on line 1357
[03-Mar-2025 12:15:42 UTC] PHP Warning:  array_merge(): Expected parameter 1 to be an array, null given in /Users/augerlaureline/Local Sites/hypnose-sophrologie-nantes-test/app/public/wp-includes/widgets.php on line 1365
[03-Mar-2025 12:16:11 UTC] PHP Warning:  array_merge(): Expected parameter 3 to be an array, null given in /Users/augerlaureline/Local Sites/hypnose-sophrologie-nantes-test/app/public/wp-includes/widgets.php on line 1354
[03-Mar-2025 12:16:11 UTC] PHP Warning:  array_diff(): Expected parameter 2 to be an array, null given in /Users/augerlaureline/Local Sites/hypnose-sophrologie-nantes-test/app/public/wp-includes/widgets.php on line 1355
[03-Mar-2025 12:16:11 UTC] PHP Warning:  Invalid argument supplied for foreach() in /Users/augerlaureline/Local Sites/hypnose-sophrologie-nantes-test/app/public/wp-includes/widgets.php on line 1357
[03-Mar-2025 12:16:11 UTC] PHP Warning:  array_merge(): Expected parameter 1 to be an array, null given in /Users/augerlaureline/Local Sites/hypnose-sophrologie-nantes-test/app/public/wp-includes/widgets.php on line 1365
[03-Mar-2025 12:22:41 UTC] PHP Warning:  array_merge(): Expected parameter 3 to be an array, null given in /Users/augerlaureline/Local Sites/hypnose-sophrologie-nantes-test/app/public/wp-includes/widgets.php on line 1354
[03-Mar-2025 12:22:41 UTC] PHP Warning:  array_diff(): Expected parameter 2 to be an array, null given in /Users/augerlaureline/Local Sites/hypnose-sophrologie-nantes-test/app/public/wp-includes/widgets.php on line 1355
[03-Mar-2025 12:22:41 UTC] PHP Warning:  Invalid argument supplied for foreach() in /Users/augerlaureline/Local Sites/hypnose-sophrologie-nantes-test/app/public/wp-includes/widgets.php on line 1357
[03-Mar-2025 12:22:41 UTC] PHP Warning:  array_merge(): Expected parameter 1 to be an array, null given in /Users/augerlaureline/Local Sites/hypnose-sophrologie-nantes-test/app/public/wp-includes/widgets.php on line 1365
[03-Mar-2025 12:23:06 UTC] PHP Warning:  array_search() expects parameter 2 to be array, null given in /Users/augerlaureline/Local Sites/hypnose-sophrologie-nantes-test/app/public/wp-includes/widgets.php on line 1524
[03-Mar-2025 12:23:06 UTC] PHP Warning:  array_search() expects parameter 2 to be array, null given in /Users/augerlaureline/Local Sites/hypnose-sophrologie-nantes-test/app/public/wp-includes/widgets.php on line 1524
[03-Mar-2025 12:23:06 UTC] PHP Warning:  array_search() expects parameter 2 to be array, null given in /Users/augerlaureline/Local Sites/hypnose-sophrologie-nantes-test/app/public/wp-includes/widgets.php on line 1524
[03-Mar-2025 12:23:06 UTC] PHP Warning:  array_search() expects parameter 2 to be array, null given in /Users/augerlaureline/Local Sites/hypnose-sophrologie-nantes-test/app/public/wp-includes/widgets.php on line 1524
[03-Mar-2025 12:23:06 UTC] PHP Warning:  array_search() expects parameter 2 to be array, null given in /Users/augerlaureline/Local Sites/hypnose-sophrologie-nantes-test/app/public/wp-includes/widgets.php on line 1524
[03-Mar-2025 12:23:06 UTC] PHP Warning:  array_search() expects parameter 2 to be array, null given in /Users/augerlaureline/Local Sites/hypnose-sophrologie-nantes-test/app/public/wp-includes/widgets.php on line 1524
[03-Mar-2025 12:23:06 UTC] PHP Warning:  array_search() expects parameter 2 to be array, null given in /Users/augerlaureline/Local Sites/hypnose-sophrologie-nantes-test/app/public/wp-includes/widgets.php on line 1524
[03-Mar-2025 12:23:06 UTC] PHP Warning:  array_search() expects parameter 2 to be array, null given in /Users/augerlaureline/Local Sites/hypnose-sophrologie-nantes-test/app/public/wp-includes/widgets.php on line 1524
[03-Mar-2025 12:23:06 UTC] PHP Warning:  array_merge(): Expected parameter 3 to be an array, null given in /Users/augerlaureline/Local Sites/hypnose-sophrologie-nantes-test/app/public/wp-includes/widgets.php on line 1354
[03-Mar-2025 12:23:06 UTC] PHP Warning:  array_diff(): Expected parameter 2 to be an array, null given in /Users/augerlaureline/Local Sites/hypnose-sophrologie-nantes-test/app/public/wp-includes/widgets.php on line 1355
[03-Mar-2025 12:23:06 UTC] PHP Warning:  Invalid argument supplied for foreach() in /Users/augerlaureline/Local Sites/hypnose-sophrologie-nantes-test/app/public/wp-includes/widgets.php on line 1357
[03-Mar-2025 12:23:06 UTC] PHP Warning:  array_merge(): Expected parameter 1 to be an array, null given in /Users/augerlaureline/Local Sites/hypnose-sophrologie-nantes-test/app/public/wp-includes/widgets.php on line 1365
[03-Mar-2025 12:24:05 UTC] PHP Warning:  array_merge(): Expected parameter 3 to be an array, null given in /Users/augerlaureline/Local Sites/hypnose-sophrologie-nantes-test/app/public/wp-includes/widgets.php on line 1354
[03-Mar-2025 12:24:05 UTC] PHP Warning:  array_diff(): Expected parameter 2 to be an array, null given in /Users/augerlaureline/Local Sites/hypnose-sophrologie-nantes-test/app/public/wp-includes/widgets.php on line 1355
[03-Mar-2025 12:24:05 UTC] PHP Warning:  Invalid argument supplied for foreach() in /Users/augerlaureline/Local Sites/hypnose-sophrologie-nantes-test/app/public/wp-includes/widgets.php on line 1357
[03-Mar-2025 12:24:05 UTC] PHP Warning:  array_merge(): Expected parameter 1 to be an array, null given in /Users/augerlaureline/Local Sites/hypnose-sophrologie-nantes-test/app/public/wp-includes/widgets.php on line 1365
[03-Mar-2025 12:34:58 UTC] PHP Warning:  file_get_contents(/Users/augerlaureline/Local Sites/hypnose-sophrologie-nantes-test/app/public/wp-content/plugins/ocean-extra/ocean-extra.php): failed to open stream: No such file or directory in /Users/augerlaureline/Local Sites/hypnose-sophrologie-nantes-test/app/public/wp-includes/functions.php on line 6893
[03-Mar-2025 12:39:17 UTC] PHP Warning:  array_merge(): Expected parameter 3 to be an array, null given in /Users/augerlaureline/Local Sites/hypnose-sophrologie-nantes-test/app/public/wp-includes/widgets.php on line 1354
[03-Mar-2025 12:39:17 UTC] PHP Warning:  array_diff(): Expected parameter 2 to be an array, null given in /Users/augerlaureline/Local Sites/hypnose-sophrologie-nantes-test/app/public/wp-includes/widgets.php on line 1355
[03-Mar-2025 12:39:17 UTC] PHP Warning:  Invalid argument supplied for foreach() in /Users/augerlaureline/Local Sites/hypnose-sophrologie-nantes-test/app/public/wp-includes/widgets.php on line 1357
[03-Mar-2025 12:39:17 UTC] PHP Warning:  array_merge(): Expected parameter 1 to be an array, null given in /Users/augerlaureline/Local Sites/hypnose-sophrologie-nantes-test/app/public/wp-includes/widgets.php on line 1365
